<?xml version="1.0" encoding="UTF-8"?>
<testsuite name="shop.syeong.book.springboot.web.IndexControllerTest" tests="1" skipped="0" failures="0" errors="0" timestamp="2022-09-04T18:43:14" hostname="DESKTOP-7MC68HD" time="0.195">
  <properties/>
  <testcase name="메인페이지_로딩" classname="shop.syeong.book.springboot.web.IndexControllerTest" time="0.195"/>
  <system-out><![CDATA[
  .   ____          _            __ _ _
 /\\ / ___'_ __ _ _(_)_ __  __ _ \ \ \ \
( ( )\___ | '_ | '_| | '_ \/ _` | \ \ \ \
 \\/  ___)| |_)| | | | | || (_| |  ) ) ) )
  '  |____| .__|_| |_|_| |_\__, | / / / /
 =========|_|==============|___/=/_/_/_/
 :: Spring Boot ::        (v2.1.7.RELEASE)

2022-09-05 03:43:11.637  INFO 30088 --- [    Test worker] s.s.b.s.web.IndexControllerTest          : Starting IndexControllerTest on DESKTOP-7MC68HD with PID 30088 (started by parks in C:\Users\parks\git\freelec-springboot2-webservice)
2022-09-05 03:43:11.638  INFO 30088 --- [    Test worker] s.s.b.s.web.IndexControllerTest          : The following profiles are active: oauth
2022-09-05 03:43:11.986  INFO 30088 --- [    Test worker] .s.d.r.c.RepositoryConfigurationDelegate : Bootstrapping Spring Data repositories in DEFAULT mode.
2022-09-05 03:43:12.020  INFO 30088 --- [    Test worker] .s.d.r.c.RepositoryConfigurationDelegate : Finished Spring Data repository scanning in 34ms. Found 2 repository interfaces.
2022-09-05 03:43:12.160  INFO 30088 --- [    Test worker] trationDelegate$BeanPostProcessorChecker : Bean 'org.springframework.transaction.annotation.ProxyTransactionManagementConfiguration' of type [org.springframework.transaction.annotation.ProxyTransactionManagementConfiguration$$EnhancerBySpringCGLIB$$9a3a1594] is not eligible for getting processed by all BeanPostProcessors (for example: not eligible for auto-proxying)
2022-09-05 03:43:12.521  INFO 30088 --- [    Test worker] o.s.b.w.embedded.tomcat.TomcatWebServer  : Tomcat initialized with port(s): 0 (http)
2022-09-05 03:43:12.567  INFO 30088 --- [    Test worker] o.apache.catalina.core.StandardService   : Starting service [Tomcat]
2022-09-05 03:43:12.567  INFO 30088 --- [    Test worker] org.apache.catalina.core.StandardEngine  : Starting Servlet engine: [Apache Tomcat/9.0.22]
2022-09-05 03:43:12.814  INFO 30088 --- [    Test worker] o.a.c.c.C.[Tomcat].[localhost].[/]       : Initializing Spring embedded WebApplicationContext
2022-09-05 03:43:12.814  INFO 30088 --- [    Test worker] o.s.web.context.ContextLoader            : Root WebApplicationContext: initialization completed in 1174 ms
2022-09-05 03:43:13.063  INFO 30088 --- [    Test worker] com.zaxxer.hikari.HikariDataSource       : HikariPool-2 - Starting...
2022-09-05 03:43:13.064  INFO 30088 --- [    Test worker] com.zaxxer.hikari.HikariDataSource       : HikariPool-2 - Start completed.
2022-09-05 03:43:13.113  INFO 30088 --- [    Test worker] o.hibernate.jpa.internal.util.LogHelper  : HHH000204: Processing PersistenceUnitInfo [
	name: default
	...]
2022-09-05 03:43:13.132  INFO 30088 --- [    Test worker] org.hibernate.dialect.Dialect            : HHH000400: Using dialect: org.hibernate.dialect.MySQL5InnoDBDialect
Hibernate: drop table if exists posts
Hibernate: drop table if exists user
Hibernate: create table posts (id bigint not null auto_increment, created_date datetime, modified_date datetime, author varchar(255), content TEXT not null, title varchar(500) not null, primary key (id)) engine=InnoDB
Hibernate: create table user (id bigint not null auto_increment, created_date datetime, modified_date datetime, email varchar(255) not null, name varchar(255) not null, picture varchar(255), role varchar(255) not null, primary key (id)) engine=InnoDB
2022-09-05 03:43:13.210  INFO 30088 --- [    Test worker] o.h.t.schema.internal.SchemaCreatorImpl  : HHH000476: Executing import script 'org.hibernate.tool.schema.internal.exec.ScriptSourceInputNonExistentImpl@4d1b76ef'
2022-09-05 03:43:13.210  INFO 30088 --- [    Test worker] j.LocalContainerEntityManagerFactoryBean : Initialized JPA EntityManagerFactory for persistence unit 'default'
2022-09-05 03:43:13.606  INFO 30088 --- [    Test worker] o.h.h.i.QueryTranslatorFactoryInitiator  : HHH000397: Using ASTQueryTranslatorFactory
2022-09-05 03:43:13.782  INFO 30088 --- [    Test worker] o.s.s.web.DefaultSecurityFilterChain     : Creating filter chain: any request, [org.springframework.security.web.context.request.async.WebAsyncManagerIntegrationFilter@18a34f71, org.springframework.security.web.context.SecurityContextPersistenceFilter@7a7b8897, org.springframework.security.web.header.HeaderWriterFilter@2d758c3f, org.springframework.security.web.authentication.logout.LogoutFilter@305b9fa6, org.springframework.security.oauth2.client.web.OAuth2AuthorizationRequestRedirectFilter@679520ac, org.springframework.security.oauth2.client.web.OAuth2LoginAuthenticationFilter@6fde077a, org.springframework.security.web.authentication.ui.DefaultLoginPageGeneratingFilter@164292c9, org.springframework.security.web.authentication.ui.DefaultLogoutPageGeneratingFilter@1342f064, org.springframework.security.web.savedrequest.RequestCacheAwareFilter@3a5e4c1d, org.springframework.security.web.servletapi.SecurityContextHolderAwareRequestFilter@3bcb3b1d, org.springframework.security.web.authentication.AnonymousAuthenticationFilter@5d1c32e0, org.springframework.security.web.session.SessionManagementFilter@243132a7, org.springframework.security.web.access.ExceptionTranslationFilter@7356667b, org.springframework.security.web.access.intercept.FilterSecurityInterceptor@681c6ed7]
2022-09-05 03:43:14.029  INFO 30088 --- [    Test worker] o.s.s.concurrent.ThreadPoolTaskExecutor  : Initializing ExecutorService 'applicationTaskExecutor'
2022-09-05 03:43:14.042  WARN 30088 --- [    Test worker] aWebConfiguration$JpaWebMvcConfiguration : spring.jpa.open-in-view is enabled by default. Therefore, database queries may be performed during view rendering. Explicitly configure spring.jpa.open-in-view to disable this warning
2022-09-05 03:43:14.073  INFO 30088 --- [    Test worker] o.s.b.a.w.s.WelcomePageHandlerMapping    : Adding welcome page template: index
2022-09-05 03:43:14.372  INFO 30088 --- [    Test worker] s.a.ScheduledAnnotationBeanPostProcessor : No TaskScheduler/ScheduledExecutorService bean found for scheduled processing
2022-09-05 03:43:14.393  INFO 30088 --- [    Test worker] o.s.b.w.embedded.tomcat.TomcatWebServer  : Tomcat started on port(s): 5239 (http) with context path ''
2022-09-05 03:43:14.394  INFO 30088 --- [    Test worker] s.s.b.s.web.IndexControllerTest          : Started IndexControllerTest in 2.82 seconds (JVM running for 15.225)
2022-09-05 03:43:14.494  INFO 30088 --- [o-auto-1-exec-1] o.a.c.c.C.[Tomcat].[localhost].[/]       : Initializing Spring DispatcherServlet 'dispatcherServlet'
2022-09-05 03:43:14.495  INFO 30088 --- [o-auto-1-exec-1] o.s.web.servlet.DispatcherServlet        : Initializing Servlet 'dispatcherServlet'
2022-09-05 03:43:14.512  INFO 30088 --- [o-auto-1-exec-1] o.s.web.servlet.DispatcherServlet        : Completed initialization in 17 ms
Hibernate: select posts0_.id as id1_0_, posts0_.created_date as created_2_0_, posts0_.modified_date as modified3_0_, posts0_.author as author4_0_, posts0_.content as content5_0_, posts0_.title as title6_0_ from posts posts0_ order by posts0_.id desc
]]></system-out>
  <system-err><![CDATA[]]></system-err>
</testsuite>
