<?xml version="1.0" encoding="UTF-8"?>
<testsuite name="shop.syeong.book.springboot.web.HelloControllerTest" tests="2" skipped="0" failures="0" errors="0" timestamp="2022-09-05T09:21:38" hostname="DESKTOP-7MC68HD" time="0.18">
  <properties/>
  <testcase name="hello가_리턴된다" classname="shop.syeong.book.springboot.web.HelloControllerTest" time="0.083"/>
  <testcase name="helloDto가_리턴된다" classname="shop.syeong.book.springboot.web.HelloControllerTest" time="0.097"/>
  <system-out><![CDATA[
  .   ____          _            __ _ _
 /\\ / ___'_ __ _ _(_)_ __  __ _ \ \ \ \
( ( )\___ | '_ | '_| | '_ \/ _` | \ \ \ \
 \\/  ___)| |_)| | | | | || (_| |  ) ) ) )
  '  |____| .__|_| |_|_| |_\__, | / / / /
 =========|_|==============|___/=/_/_/_/
 :: Spring Boot ::        (v2.1.7.RELEASE)

2022-09-05 18:21:36.985  INFO 6520 --- [    Test worker] s.s.b.s.web.HelloControllerTest          : Starting HelloControllerTest on DESKTOP-7MC68HD with PID 6520 (started by parks in C:\Users\parks\git\freelec-springboot2-webservice)
2022-09-05 18:21:36.985  INFO 6520 --- [    Test worker] s.s.b.s.web.HelloControllerTest          : The following profiles are active: oauth
2022-09-05 18:21:38.056  INFO 6520 --- [    Test worker] o.s.s.concurrent.ThreadPoolTaskExecutor  : Initializing ExecutorService 'applicationTaskExecutor'
2022-09-05 18:21:38.110  INFO 6520 --- [    Test worker] o.s.b.a.w.s.WelcomePageHandlerMapping    : Adding welcome page template: index
2022-09-05 18:21:38.567  INFO 6520 --- [    Test worker] .s.s.UserDetailsServiceAutoConfiguration : 

Using generated security password: df1d949b-1571-44dd-82e6-4512dffc19a8

2022-09-05 18:21:38.751  INFO 6520 --- [    Test worker] o.s.s.web.DefaultSecurityFilterChain     : Creating filter chain: any request, [org.springframework.security.web.context.request.async.WebAsyncManagerIntegrationFilter@45edd943, org.springframework.security.web.context.SecurityContextPersistenceFilter@4a422b31, org.springframework.security.web.header.HeaderWriterFilter@6059dd77, org.springframework.security.web.csrf.CsrfFilter@6b00d887, org.springframework.security.web.authentication.logout.LogoutFilter@3a91b387, org.springframework.security.web.authentication.UsernamePasswordAuthenticationFilter@1483de40, org.springframework.security.web.authentication.ui.DefaultLoginPageGeneratingFilter@28452600, org.springframework.security.web.authentication.ui.DefaultLogoutPageGeneratingFilter@4f9313c9, org.springframework.security.web.authentication.www.BasicAuthenticationFilter@2c9e3884, org.springframework.security.web.savedrequest.RequestCacheAwareFilter@c0b11e7, org.springframework.security.web.servletapi.SecurityContextHolderAwareRequestFilter@2297c774, org.springframework.security.web.authentication.AnonymousAuthenticationFilter@129448a7, org.springframework.security.web.session.SessionManagementFilter@df0e51b, org.springframework.security.web.access.ExceptionTranslationFilter@176a2ca2, org.springframework.security.web.access.intercept.FilterSecurityInterceptor@4878765d]
2022-09-05 18:21:38.808  INFO 6520 --- [    Test worker] o.s.b.t.m.w.SpringBootMockServletContext : Initializing Spring TestDispatcherServlet ''
2022-09-05 18:21:38.809  INFO 6520 --- [    Test worker] o.s.t.web.servlet.TestDispatcherServlet  : Initializing Servlet ''
2022-09-05 18:21:38.827  INFO 6520 --- [    Test worker] o.s.t.web.servlet.TestDispatcherServlet  : Completed initialization in 18 ms
2022-09-05 18:21:38.859  INFO 6520 --- [    Test worker] s.s.b.s.web.HelloControllerTest          : Started HelloControllerTest in 1.931 seconds (JVM running for 13.048)
]]></system-out>
  <system-err><![CDATA[]]></system-err>
</testsuite>
