<?xml version="1.0" encoding="UTF-8"?>
<testsuite name="shop.syeong.book.springboot.web.HelloControllerTest" tests="2" skipped="0" failures="0" errors="0" timestamp="2022-09-04T18:43:11" hostname="DESKTOP-7MC68HD" time="0.171">
  <properties/>
  <testcase name="hello가_리턴된다" classname="shop.syeong.book.springboot.web.HelloControllerTest" time="0.083"/>
  <testcase name="helloDto가_리턴된다" classname="shop.syeong.book.springboot.web.HelloControllerTest" time="0.088"/>
  <system-out><![CDATA[
  .   ____          _            __ _ _
 /\\ / ___'_ __ _ _(_)_ __  __ _ \ \ \ \
( ( )\___ | '_ | '_| | '_ \/ _` | \ \ \ \
 \\/  ___)| |_)| | | | | || (_| |  ) ) ) )
  '  |____| .__|_| |_|_| |_\__, | / / / /
 =========|_|==============|___/=/_/_/_/
 :: Spring Boot ::        (v2.1.7.RELEASE)

2022-09-05 03:43:10.200  INFO 30088 --- [    Test worker] s.s.b.s.web.HelloControllerTest          : Starting HelloControllerTest on DESKTOP-7MC68HD with PID 30088 (started by parks in C:\Users\parks\git\freelec-springboot2-webservice)
2022-09-05 03:43:10.200  INFO 30088 --- [    Test worker] s.s.b.s.web.HelloControllerTest          : The following profiles are active: oauth
2022-09-05 03:43:10.788  INFO 30088 --- [    Test worker] o.s.s.concurrent.ThreadPoolTaskExecutor  : Initializing ExecutorService 'applicationTaskExecutor'
2022-09-05 03:43:10.829  INFO 30088 --- [    Test worker] o.s.b.a.w.s.WelcomePageHandlerMapping    : Adding welcome page template: index
2022-09-05 03:43:11.106  INFO 30088 --- [    Test worker] .s.s.UserDetailsServiceAutoConfiguration : 

Using generated security password: 951fa565-ac60-47be-90a2-977c50f152e1

2022-09-05 03:43:11.300  INFO 30088 --- [    Test worker] o.s.s.web.DefaultSecurityFilterChain     : Creating filter chain: any request, [org.springframework.security.web.context.request.async.WebAsyncManagerIntegrationFilter@3b880e84, org.springframework.security.web.context.SecurityContextPersistenceFilter@1b3d3a7f, org.springframework.security.web.header.HeaderWriterFilter@321f26de, org.springframework.security.web.csrf.CsrfFilter@3545f796, org.springframework.security.web.authentication.logout.LogoutFilter@2194e54a, org.springframework.security.web.authentication.UsernamePasswordAuthenticationFilter@5244a5d, org.springframework.security.web.authentication.ui.DefaultLoginPageGeneratingFilter@2091f8d7, org.springframework.security.web.authentication.ui.DefaultLogoutPageGeneratingFilter@6865dd5, org.springframework.security.web.authentication.www.BasicAuthenticationFilter@35900c1d, org.springframework.security.web.savedrequest.RequestCacheAwareFilter@2731ee11, org.springframework.security.web.servletapi.SecurityContextHolderAwareRequestFilter@6c5315ff, org.springframework.security.web.authentication.AnonymousAuthenticationFilter@33c349fc, org.springframework.security.web.session.SessionManagementFilter@287c8e4c, org.springframework.security.web.access.ExceptionTranslationFilter@608b877e, org.springframework.security.web.access.intercept.FilterSecurityInterceptor@2fd07e58]
2022-09-05 03:43:11.342  INFO 30088 --- [    Test worker] o.s.b.t.m.w.SpringBootMockServletContext : Initializing Spring TestDispatcherServlet ''
2022-09-05 03:43:11.342  INFO 30088 --- [    Test worker] o.s.t.web.servlet.TestDispatcherServlet  : Initializing Servlet ''
2022-09-05 03:43:11.358  INFO 30088 --- [    Test worker] o.s.t.web.servlet.TestDispatcherServlet  : Completed initialization in 16 ms
2022-09-05 03:43:11.397  INFO 30088 --- [    Test worker] s.s.b.s.web.HelloControllerTest          : Started HelloControllerTest in 1.251 seconds (JVM running for 12.228)
]]></system-out>
  <system-err><![CDATA[]]></system-err>
</testsuite>
