<?xml version="1.0" encoding="UTF-8"?>
<testsuite name="shop.syeong.book.springboot.web.IndexControllerTest" tests="1" skipped="0" failures="0" errors="0" timestamp="2022-09-05T09:21:41" hostname="DESKTOP-7MC68HD" time="0.275">
  <properties/>
  <testcase name="메인페이지_로딩" classname="shop.syeong.book.springboot.web.IndexControllerTest" time="0.275"/>
  <system-out><![CDATA[
  .   ____          _            __ _ _
 /\\ / ___'_ __ _ _(_)_ __  __ _ \ \ \ \
( ( )\___ | '_ | '_| | '_ \/ _` | \ \ \ \
 \\/  ___)| |_)| | | | | || (_| |  ) ) ) )
  '  |____| .__|_| |_|_| |_\__, | / / / /
 =========|_|==============|___/=/_/_/_/
 :: Spring Boot ::        (v2.1.7.RELEASE)

2022-09-05 18:21:39.101  INFO 6520 --- [    Test worker] s.s.b.s.web.IndexControllerTest          : Starting IndexControllerTest on DESKTOP-7MC68HD with PID 6520 (started by parks in C:\Users\parks\git\freelec-springboot2-webservice)
2022-09-05 18:21:39.101  INFO 6520 --- [    Test worker] s.s.b.s.web.IndexControllerTest          : The following profiles are active: oauth
2022-09-05 18:21:39.400  INFO 6520 --- [    Test worker] .s.d.r.c.RepositoryConfigurationDelegate : Bootstrapping Spring Data repositories in DEFAULT mode.
2022-09-05 18:21:39.434  INFO 6520 --- [    Test worker] .s.d.r.c.RepositoryConfigurationDelegate : Finished Spring Data repository scanning in 34ms. Found 2 repository interfaces.
2022-09-05 18:21:39.563  INFO 6520 --- [    Test worker] trationDelegate$BeanPostProcessorChecker : Bean 'org.springframework.transaction.annotation.ProxyTransactionManagementConfiguration' of type [org.springframework.transaction.annotation.ProxyTransactionManagementConfiguration$$EnhancerBySpringCGLIB$$7ad0b80d] is not eligible for getting processed by all BeanPostProcessors (for example: not eligible for auto-proxying)
2022-09-05 18:21:39.869  INFO 6520 --- [    Test worker] o.s.b.w.embedded.tomcat.TomcatWebServer  : Tomcat initialized with port(s): 0 (http)
2022-09-05 18:21:39.913  INFO 6520 --- [    Test worker] o.apache.catalina.core.StandardService   : Starting service [Tomcat]
2022-09-05 18:21:39.913  INFO 6520 --- [    Test worker] org.apache.catalina.core.StandardEngine  : Starting Servlet engine: [Apache Tomcat/9.0.22]
2022-09-05 18:21:40.163  INFO 6520 --- [    Test worker] o.a.c.c.C.[Tomcat].[localhost].[/]       : Initializing Spring embedded WebApplicationContext
2022-09-05 18:21:40.166  INFO 6520 --- [    Test worker] o.s.web.context.ContextLoader            : Root WebApplicationContext: initialization completed in 1054 ms
2022-09-05 18:21:40.404  INFO 6520 --- [    Test worker] com.zaxxer.hikari.HikariDataSource       : HikariPool-2 - Starting...
2022-09-05 18:21:40.407  INFO 6520 --- [    Test worker] com.zaxxer.hikari.HikariDataSource       : HikariPool-2 - Start completed.
2022-09-05 18:21:40.456  INFO 6520 --- [    Test worker] o.hibernate.jpa.internal.util.LogHelper  : HHH000204: Processing PersistenceUnitInfo [
	name: default
	...]
2022-09-05 18:21:40.469  INFO 6520 --- [    Test worker] org.hibernate.dialect.Dialect            : HHH000400: Using dialect: org.hibernate.dialect.MySQL5InnoDBDialect
Hibernate: drop table if exists posts
Hibernate: drop table if exists user
Hibernate: create table posts (id bigint not null auto_increment, created_date datetime, modified_date datetime, author varchar(255), content TEXT not null, title varchar(500) not null, primary key (id)) engine=InnoDB
Hibernate: create table user (id bigint not null auto_increment, created_date datetime, modified_date datetime, email varchar(255) not null, name varchar(255) not null, picture varchar(255), role varchar(255) not null, primary key (id)) engine=InnoDB
2022-09-05 18:21:40.541  INFO 6520 --- [    Test worker] o.h.t.schema.internal.SchemaCreatorImpl  : HHH000476: Executing import script 'org.hibernate.tool.schema.internal.exec.ScriptSourceInputNonExistentImpl@3b619aa3'
2022-09-05 18:21:40.541  INFO 6520 --- [    Test worker] j.LocalContainerEntityManagerFactoryBean : Initialized JPA EntityManagerFactory for persistence unit 'default'
2022-09-05 18:21:40.984  INFO 6520 --- [    Test worker] o.h.h.i.QueryTranslatorFactoryInitiator  : HHH000397: Using ASTQueryTranslatorFactory
2022-09-05 18:21:41.169  INFO 6520 --- [    Test worker] o.s.s.web.DefaultSecurityFilterChain     : Creating filter chain: any request, [org.springframework.security.web.context.request.async.WebAsyncManagerIntegrationFilter@58f4dbaa, org.springframework.security.web.context.SecurityContextPersistenceFilter@2df50993, org.springframework.security.web.header.HeaderWriterFilter@7f323ced, org.springframework.security.web.authentication.logout.LogoutFilter@dadf89e, org.springframework.security.oauth2.client.web.OAuth2AuthorizationRequestRedirectFilter@603b9416, org.springframework.security.oauth2.client.web.OAuth2LoginAuthenticationFilter@13012f74, org.springframework.security.web.authentication.ui.DefaultLoginPageGeneratingFilter@811c19e, org.springframework.security.web.authentication.ui.DefaultLogoutPageGeneratingFilter@4be60459, org.springframework.security.web.savedrequest.RequestCacheAwareFilter@7848a26a, org.springframework.security.web.servletapi.SecurityContextHolderAwareRequestFilter@16f32cda, org.springframework.security.web.authentication.AnonymousAuthenticationFilter@77c1b217, org.springframework.security.web.session.SessionManagementFilter@38a4db09, org.springframework.security.web.access.ExceptionTranslationFilter@379c5e91, org.springframework.security.web.access.intercept.FilterSecurityInterceptor@53a81538]
2022-09-05 18:21:41.415  INFO 6520 --- [    Test worker] o.s.s.concurrent.ThreadPoolTaskExecutor  : Initializing ExecutorService 'applicationTaskExecutor'
2022-09-05 18:21:41.431  WARN 6520 --- [    Test worker] aWebConfiguration$JpaWebMvcConfiguration : spring.jpa.open-in-view is enabled by default. Therefore, database queries may be performed during view rendering. Explicitly configure spring.jpa.open-in-view to disable this warning
2022-09-05 18:21:41.463  INFO 6520 --- [    Test worker] o.s.b.a.w.s.WelcomePageHandlerMapping    : Adding welcome page template: index
2022-09-05 18:21:41.788  INFO 6520 --- [    Test worker] s.a.ScheduledAnnotationBeanPostProcessor : No TaskScheduler/ScheduledExecutorService bean found for scheduled processing
2022-09-05 18:21:41.818  INFO 6520 --- [    Test worker] o.s.b.w.embedded.tomcat.TomcatWebServer  : Tomcat started on port(s): 12764 (http) with context path ''
2022-09-05 18:21:41.820  INFO 6520 --- [    Test worker] s.s.b.s.web.IndexControllerTest          : Started IndexControllerTest in 2.768 seconds (JVM running for 16.003)
2022-09-05 18:21:41.976  INFO 6520 --- [o-auto-1-exec-1] o.a.c.c.C.[Tomcat].[localhost].[/]       : Initializing Spring DispatcherServlet 'dispatcherServlet'
2022-09-05 18:21:41.977  INFO 6520 --- [o-auto-1-exec-1] o.s.web.servlet.DispatcherServlet        : Initializing Servlet 'dispatcherServlet'
2022-09-05 18:21:42.002  INFO 6520 --- [o-auto-1-exec-1] o.s.web.servlet.DispatcherServlet        : Completed initialization in 25 ms
Hibernate: select posts0_.id as id1_0_, posts0_.created_date as created_2_0_, posts0_.modified_date as modified3_0_, posts0_.author as author4_0_, posts0_.content as content5_0_, posts0_.title as title6_0_ from posts posts0_ order by posts0_.id desc
]]></system-out>
  <system-err><![CDATA[]]></system-err>
</testsuite>
